<?xml version="1.0" encoding="UTF-8"?>
<!-- Generated by org.testng.reporters.JUnitXMLReporter -->
<testsuite ignored="1" hostname="VJ-GALAXY-BOOK" failures="0" tests="1" name="ChromeTest" time="6.14" errors="0" timestamp="2025-05-09T16:52:38 IST">
  <testcase classname="automationPackage.AddUserTest" name="addNewUserFake" time="2.917"/>
  <testcase classname="automationPackage.AddUserTest" name="addNewUser" time="0.0">
    <ignored/>
  </testcase> <!-- addNewUser -->
</testsuite> <!-- ChromeTest -->
