<?xml version="1.0" encoding="UTF-8"?>
<!-- Generated by org.testng.reporters.JUnitXMLReporter -->
<testsuite ignored="1" hostname="VJ-GALAXY-BOOK" failures="0" tests="1" name="ChromeTest" time="6.464" errors="0" timestamp="2025-05-13T12:45:01 IST">
  <testcase classname="automationPackage.AddUserTest" name="addNewUser" time="2.778"/>
  <testcase classname="automationPackage.AddUserTest" name="addNewUserFake" time="0.0">
    <ignored/>
  </testcase> <!-- addNewUserFake -->
</testsuite> <!-- ChromeTest -->
