<?xml version="1.0" encoding="UTF-8"?>
<!-- Generated by org.testng.reporters.JUnitXMLReporter -->
<testsuite ignored="3" hostname="VJ-GALAXY-BOOK" failures="0" tests="1" name="Test" time="4.225" errors="0" timestamp="2025-04-16T13:29:56 IST">
  <testcase classname="automationPackage.LoginPageTest" name="verifyUserLoginWithValidCredentials" time="0.991"/>
  <testcase classname="automationPackage.LoginPageTest" name="verifyUserLoginWithInvalidUserNameAndInvalidPassword" time="0.0">
    <ignored/>
  </testcase> <!-- verifyUserLoginWithInvalidUserNameAndInvalidPassword -->
  <testcase classname="automationPackage.LoginPageTest" name="verifyUserLoginWithValidUserNameAndInvalidPassword" time="0.0">
    <ignored/>
  </testcase> <!-- verifyUserLoginWithValidUserNameAndInvalidPassword -->
  <testcase classname="automationPackage.LoginPageTest" name="verifyUserLoginWithInvalidUserNameAndValidPassword" time="0.0">
    <ignored/>
  </testcase> <!-- verifyUserLoginWithInvalidUserNameAndValidPassword -->
</testsuite> <!-- Test -->
