<?xml version="1.0" encoding="UTF-8"?>
<!-- Generated by org.testng.reporters.JUnitXMLReporter -->
<testsuite ignored="0" hostname="VJ-GALAXY-BOOK" failures="0" tests="4" name="Default test" time="12.722" errors="0" timestamp="2025-04-16T13:26:41 IST">
  <testcase classname="automationPackage.LoginPageTest" name="verifyUserLoginWithValidCredentials" time="0.792"/>
  <testcase classname="automationPackage.LoginPageTest" name="verifyUserLoginWithInvalidUserNameAndValidPassword" time="0.363"/>
  <testcase classname="automationPackage.LoginPageTest" name="verifyUserLoginWithValidUserNameAndInvalidPassword" time="1.18"/>
  <testcase classname="automationPackage.LoginPageTest" name="verifyUserLoginWithInvalidUserNameAndInvalidPassword" time="0.64"/>
</testsuite> <!-- Default test -->
