<?xml version="1.0" encoding="UTF-8"?>
<!-- Generated by org.testng.reporters.JUnitXMLReporter -->
<testsuite ignored="1" hostname="VJ-GALAXY-BOOK" failures="0" tests="1" name="Default test" time="9.27" errors="0" timestamp="2025-04-24T13:42:44 IST">
  <testcase classname="automationPackage.SubCategoryTest" name="createSubCategory" time="5.883"/>
  <testcase classname="automationPackage.SubCategoryTest" name="searchSubCategory" time="0.0">
    <ignored/>
  </testcase> <!-- searchSubCategory -->
</testsuite> <!-- Default test -->
