<?xml version="1.0" encoding="UTF-8"?>
<!-- Generated by org.testng.reporters.JUnitXMLReporter -->
<testsuite ignored="2" hostname="VJ-GALAXY-BOOK" failures="0" tests="2" name="grouping.xml" time="11.522" errors="0" timestamp="2025-05-06T12:32:10 IST">
  <testcase classname="automationPackage.LoginPageTest" name="verifyUserLoginWithValidCredentials" time="2.903"/>
  <testcase classname="automationPackage.LoginPageTest" name="verifyUserLoginWithInvalidUserNameAndValidPassword" time="0.717"/>
  <testcase classname="automationPackage.LoginPageTest" name="verifyUserLoginWithInvalidUserNameAndInvalidPassword" time="0.0">
    <ignored/>
  </testcase> <!-- verifyUserLoginWithInvalidUserNameAndInvalidPassword -->
  <testcase classname="automationPackage.LoginPageTest" name="verifyUserLoginWithValidUserNameAndInvalidPassword" time="0.0">
    <ignored/>
  </testcase> <!-- verifyUserLoginWithValidUserNameAndInvalidPassword -->
</testsuite> <!-- grouping.xml -->
