<?xml version="1.0" encoding="UTF-8"?>
<!-- Generated by org.testng.reporters.JUnitXMLReporter -->
<testsuite ignored="0" hostname="VJ-GALAXY-BOOK" failures="0" tests="3" name="Default test" time="0.055" errors="0" timestamp="2025-04-09T12:49:41 IST">
  <testcase classname="testNGPackage.NewTestNG" name="display" time="0.011"/>
  <testcase classname="testNGPackage.NewTestNG" name="read" time="0.003"/>
  <testcase classname="testNGPackage.NewTestNG" name="print" time="0.001"/>
</testsuite> <!-- Default test -->
