<?xml version="1.0" encoding="UTF-8"?>
<testng-results ignored="1" total="2" passed="1" failed="0" skipped="0">
  <reporter-output>
  </reporter-output>
  <suite started-at="2025-05-12T12:43:48 IST" name="Suite" finished-at="2025-05-12T12:43:55 IST" duration-ms="6633">
    <groups>
    </groups>
    <test started-at="2025-05-12T12:43:48 IST" name="ChromeTest" finished-at="2025-05-12T12:43:55 IST" duration-ms="6633">
      <class name="automationPackage.AddUserTest">
        <test-method is-config="true" signature="browserInitialisation(java.lang.String)[pri:0, instance:automationPackage.AddUserTest@14dd9eb7]" started-at="2025-05-12T12:43:48 IST" name="browserInitialisation" finished-at="2025-05-12T12:43:52 IST" duration-ms="3596" status="PASS">
          <params>
            <param index="0">
              <value>
                <![CDATA[Chrome]]>
              </value>
            </param>
          </params>
          <reporter-output>
          </reporter-output>
        </test-method> <!-- browserInitialisation -->
        <test-method signature="addNewUser()[pri:0, instance:automationPackage.AddUserTest@14dd9eb7]" started-at="2025-05-12T12:43:52 IST" name="addNewUser" description="verify whether user is able to add new user" finished-at="2025-05-12T12:43:55 IST" duration-ms="2999" status="PASS">
          <reporter-output>
          </reporter-output>
        </test-method> <!-- addNewUser -->
        <test-method is-config="true" signature="driverQuit(org.testng.ITestResult)[pri:0, instance:automationPackage.AddUserTest@14dd9eb7]" started-at="2025-05-12T12:43:55 IST" name="driverQuit" finished-at="2025-05-12T12:43:55 IST" duration-ms="1" status="PASS">
          <params>
            <param index="0">
              <value>
                <![CDATA[[TestResult name=addNewUser status=SUCCESS method=AddUserTest.addNewUser()[pri:0, instance:automationPackage.AddUserTest@14dd9eb7] output={null}]]]>
              </value>
            </param>
          </params>
          <reporter-output>
          </reporter-output>
        </test-method> <!-- driverQuit -->
      </class> <!-- automationPackage.AddUserTest -->
    </test> <!-- ChromeTest -->
  </suite> <!-- Suite -->
</testng-results>
