<?xml version="1.0" encoding="UTF-8"?>
<testng-results ignored="3" total="4" passed="1" failed="0" skipped="0">
  <reporter-output>
  </reporter-output>
  <suite started-at="2025-04-16T12:12:43 IST" name="Suite" finished-at="2025-04-16T12:12:50 IST" duration-ms="7465">
    <groups>
    </groups>
    <test started-at="2025-04-16T12:12:43 IST" name="Test" finished-at="2025-04-16T12:12:50 IST" duration-ms="7465">
      <class name="demoPackage.LoginPageTest">
        <test-method is-config="true" signature="beforeMethod()[pri:0, instance:demoPackage.LoginPageTest@333291e3]" started-at="2025-04-16T12:12:43 IST" name="beforeMethod" finished-at="2025-04-16T12:12:49 IST" duration-ms="6692" status="PASS">
          <reporter-output>
          </reporter-output>
        </test-method> <!-- beforeMethod -->
        <test-method signature="verifyEnterUsernamePassword()[pri:0, instance:demoPackage.LoginPageTest@333291e3]" started-at="2025-04-16T12:12:49 IST" name="verifyEnterUsernamePassword" description="verify whether user is able to login with valid credentials" finished-at="2025-04-16T12:12:50 IST" duration-ms="730" status="PASS">
          <reporter-output>
          </reporter-output>
        </test-method> <!-- verifyEnterUsernamePassword -->
        <test-method is-config="true" signature="afterMethod()[pri:0, instance:demoPackage.LoginPageTest@333291e3]" started-at="2025-04-16T12:12:50 IST" name="afterMethod" finished-at="2025-04-16T12:12:50 IST" duration-ms="0" status="PASS">
          <reporter-output>
          </reporter-output>
        </test-method> <!-- afterMethod -->
      </class> <!-- demoPackage.LoginPageTest -->
    </test> <!-- Test -->
  </suite> <!-- Suite -->
</testng-results>
