<?xml version="1.0" encoding="UTF-8"?>
<testng-results ignored="0" total="1" passed="1" failed="0" skipped="0">
  <reporter-output>
  </reporter-output>
  <suite started-at="2025-04-10T12:11:04 IST" name="Default suite" finished-at="2025-04-10T12:11:04 IST" duration-ms="90">
    <groups>
    </groups>
    <test started-at="2025-04-10T12:11:04 IST" name="Default test" finished-at="2025-04-10T12:11:04 IST" duration-ms="90">
      <class name="testNGPackage.SamplePgm">
        <test-method is-config="true" signature="beforeTest()[pri:0, instance:testNGPackage.SamplePgm@42e99e4a]" started-at="2025-04-10T12:11:04 IST" name="beforeTest" finished-at="2025-04-10T12:11:04 IST" duration-ms="10" status="PASS">
          <reporter-output>
          </reporter-output>
        </test-method> <!-- beforeTest -->
        <test-method is-config="true" signature="beforeClass()[pri:0, instance:testNGPackage.SamplePgm@42e99e4a]" started-at="2025-04-10T12:11:04 IST" name="beforeClass" finished-at="2025-04-10T12:11:04 IST" duration-ms="1" status="PASS">
          <reporter-output>
          </reporter-output>
        </test-method> <!-- beforeClass -->
        <test-method is-config="true" signature="beforeMethod()[pri:0, instance:testNGPackage.SamplePgm@42e99e4a]" started-at="2025-04-10T12:11:04 IST" name="beforeMethod" finished-at="2025-04-10T12:11:04 IST" duration-ms="1" status="PASS">
          <reporter-output>
          </reporter-output>
        </test-method> <!-- beforeMethod -->
        <test-method signature="print()[pri:0, instance:testNGPackage.SamplePgm@42e99e4a]" started-at="2025-04-10T12:11:04 IST" name="print" finished-at="2025-04-10T12:11:04 IST" duration-ms="14" status="PASS">
          <reporter-output>
          </reporter-output>
        </test-method> <!-- print -->
        <test-method is-config="true" signature="afterMethod()[pri:0, instance:testNGPackage.SamplePgm@42e99e4a]" started-at="2025-04-10T12:11:04 IST" name="afterMethod" finished-at="2025-04-10T12:11:04 IST" duration-ms="4" status="PASS">
          <reporter-output>
          </reporter-output>
        </test-method> <!-- afterMethod -->
        <test-method is-config="true" signature="afterClass()[pri:0, instance:testNGPackage.SamplePgm@42e99e4a]" started-at="2025-04-10T12:11:04 IST" name="afterClass" finished-at="2025-04-10T12:11:04 IST" duration-ms="1" status="PASS">
          <reporter-output>
          </reporter-output>
        </test-method> <!-- afterClass -->
        <test-method is-config="true" signature="afterTest()[pri:0, instance:testNGPackage.SamplePgm@42e99e4a]" started-at="2025-04-10T12:11:04 IST" name="afterTest" finished-at="2025-04-10T12:11:04 IST" duration-ms="1" status="PASS">
          <reporter-output>
          </reporter-output>
        </test-method> <!-- afterTest -->
      </class> <!-- testNGPackage.SamplePgm -->
    </test> <!-- Default test -->
  </suite> <!-- Default suite -->
</testng-results>
