<?xml version="1.0" encoding="UTF-8"?>
<testng-results ignored="0" total="3" passed="3" failed="0" skipped="0">
  <reporter-output>
  </reporter-output>
  <suite started-at="2025-04-09T12:49:41 IST" name="Default suite" finished-at="2025-04-09T12:49:41 IST" duration-ms="55">
    <groups>
    </groups>
    <test started-at="2025-04-09T12:49:41 IST" name="Default test" finished-at="2025-04-09T12:49:41 IST" duration-ms="55">
      <class name="testNGPackage.NewTestNG">
        <test-method signature="display()[pri:1, instance:testNGPackage.NewTestNG@3d74bf60]" started-at="2025-04-09T12:49:41 IST" name="display" finished-at="2025-04-09T12:49:41 IST" duration-ms="11" status="PASS">
          <reporter-output>
          </reporter-output>
        </test-method> <!-- display -->
        <test-method signature="read()[pri:2, instance:testNGPackage.NewTestNG@3d74bf60]" started-at="2025-04-09T12:49:41 IST" name="read" finished-at="2025-04-09T12:49:41 IST" duration-ms="3" status="PASS">
          <reporter-output>
          </reporter-output>
        </test-method> <!-- read -->
        <test-method signature="print()[pri:3, instance:testNGPackage.NewTestNG@3d74bf60]" started-at="2025-04-09T12:49:41 IST" name="print" finished-at="2025-04-09T12:49:41 IST" duration-ms="1" status="PASS">
          <reporter-output>
          </reporter-output>
        </test-method> <!-- print -->
      </class> <!-- testNGPackage.NewTestNG -->
    </test> <!-- Default test -->
  </suite> <!-- Default suite -->
</testng-results>
