<?xml version="1.0" encoding="UTF-8"?>
<!-- Generated by org.testng.reporters.JUnitXMLReporter -->
<testsuite ignored="3" hostname="VJ-GALAXY-BOOK" failures="0" tests="1" name="Test" time="7.465" errors="0" timestamp="2025-04-16T12:12:50 IST">
  <testcase classname="demoPackage.LoginPageTest" name="verifyEnterUsernamePassword" time="0.73"/>
  <testcase classname="demoPackage.LoginPageTest" name="verifyLoginWithInvalidUsernamePswd" time="0.0">
    <ignored/>
  </testcase> <!-- verifyLoginWithInvalidUsernamePswd -->
  <testcase classname="demoPackage.LoginPageTest" name="verifyLoginWithInvalidUsernameInvalidPswd" time="0.0">
    <ignored/>
  </testcase> <!-- verifyLoginWithInvalidUsernameInvalidPswd -->
  <testcase classname="demoPackage.LoginPageTest" name="verifyLoginWithValidUsernameInvalidPswd" time="0.0">
    <ignored/>
  </testcase> <!-- verifyLoginWithValidUsernameInvalidPswd -->
</testsuite> <!-- Test -->
